E:\Huy\Documents\Work\Apps\Net\HuyCV\HuyCV\dist\out-tsc\src\app\app.component.js
E:\Huy\Documents\Work\Apps\Net\HuyCV\HuyCV\dist\out-tsc\src\app\app.component.js.map
E:\Huy\Documents\Work\Apps\Net\HuyCV\HuyCV\dist\out-tsc\src\app\app.module.js
E:\Huy\Documents\Work\Apps\Net\HuyCV\HuyCV\dist\out-tsc\src\app\app.module.js.map
E:\Huy\Documents\Work\Apps\Net\HuyCV\HuyCV\dist\out-tsc\src\environments\environment.js
E:\Huy\Documents\Work\Apps\Net\HuyCV\HuyCV\dist\out-tsc\src\environments\environment.js.map
E:\Huy\Documents\Work\Apps\Net\HuyCV\HuyCV\dist\out-tsc\src\main.js
E:\Huy\Documents\Work\Apps\Net\HuyCV\HuyCV\dist\out-tsc\src\main.js.map
E:\Huy\Documents\Work\Apps\Net\HuyCV\HuyCV\dist\out-tsc\src\polyfills.js
E:\Huy\Documents\Work\Apps\Net\HuyCV\HuyCV\dist\out-tsc\src\polyfills.js.map
E:\Huy\Documents\Work\Apps\Net\HuyCV\HuyCV\dist\out-tsc\src\test.js
E:\Huy\Documents\Work\Apps\Net\HuyCV\HuyCV\dist\out-tsc\src\test.js.map
E:\Huy\Documents\Work\Apps\Net\HuyCV\HuyCV\dist\out-tsc\e2e\src\app.po.js
E:\Huy\Documents\Work\Apps\Net\HuyCV\HuyCV\dist\out-tsc\e2e\src\app.po.js.map
E:\Huy\Documents\Work\Apps\Net\HuyCV\HuyCV\dist\out-tsc\e2e\src\app.e2e-spec.js
E:\Huy\Documents\Work\Apps\Net\HuyCV\HuyCV\dist\out-tsc\e2e\src\app.e2e-spec.js.map
E:\Huy\Documents\Work\Apps\Net\HuyCV\HuyCV\dist\out-tsc\src\app\app.component.spec.js
E:\Huy\Documents\Work\Apps\Net\HuyCV\HuyCV\dist\out-tsc\src\app\app.component.spec.js.map
E:\Huy\Documents\Work\Apps\Net\HuyCV\HuyCV\dist\out-tsc\src\environments\environment.prod.js
E:\Huy\Documents\Work\Apps\Net\HuyCV\HuyCV\dist\out-tsc\src\environments\environment.prod.js.map
